<?xml version="1.0" encoding="UTF-8"?>
<!-- Generated by org.testng.reporters.JUnitReportReporter -->
<testsuite hostname="QT-INBG-LT0591" failures="0" tests="1" name="testRunners.testRunnerTestNG" time="26.697" errors="0" timestamp="2023-03-13T13:51:59 IST" skipped="0">
  <testcase classname="testRunners.testRunnerTestNG" name="runScenario" time="26.697"/>
  <system-out/>
</testsuite> <!-- testRunners.testRunnerTestNG -->
